{"level":"info","message":"Home page accessed"}
{"level":"info","message":"Home page accessed"}
{"level":"info","message":"Home page accessed"}
{"level":"info","message":"Home page accessed"}
{"level":"info","message":"Courses retrieved successfully"}
{"level":"info","message":"Users retrieved successfully"}
{"level":"info","message":"Addresses retrieved successfully"}
{"level":"info","message":"Users retrieved successfully"}
{"level":"info","message":"Addresses retrieved successfully"}
{"level":"info","message":"Addresses retrieved successfully"}
{"level":"info","message":"Addresses retrieved successfully"}
{"level":"info","message":"Addresses retrieved successfully"}
{"level":"info","message":"Users retrieved successfully"}
{"level":"info","message":"Users retrieved successfully"}
{"level":"info","message":"Addresses retrieved successfully"}
{"level":"info","message":"Addresses retrieved successfully"}
{"level":"info","message":"Addresses retrieved successfully"}
{"level":"info","message":"Home page accessed"}
{"level":"info","message":"Addresses retrieved successfully"}
{"code":"22001","file":"varchar.c","length":98,"level":"error","line":"640","message":"Database query error value too long for type character varying(10)","name":"error","routine":"varchar","severity":"ERROR","stack":"error: value too long for type character varying(10)\n    at C:\\Users\\littl\\OneDrive\\Desktop\\mtech\\capstone\\mtech-capstone\\server\\node_modules\\pg-pool\\index.js:45:11\n    at process.processTicksAndRejections (node:internal/process/task_queues:105:5)\n    at async C:\\Users\\littl\\OneDrive\\Desktop\\mtech\\capstone\\mtech-capstone\\server\\server.js:61:20"}
{"code":"22001","file":"varchar.c","length":98,"level":"error","line":"640","message":"Database query error value too long for type character varying(10)","name":"error","routine":"varchar","severity":"ERROR","stack":"error: value too long for type character varying(10)\n    at C:\\Users\\littl\\OneDrive\\Desktop\\mtech\\capstone\\mtech-capstone\\server\\node_modules\\pg-pool\\index.js:45:11\n    at process.processTicksAndRejections (node:internal/process/task_queues:105:5)\n    at async C:\\Users\\littl\\OneDrive\\Desktop\\mtech\\capstone\\mtech-capstone\\server\\server.js:61:20"}
{"code":"22001","file":"varchar.c","length":98,"level":"error","line":"640","message":"Database query error value too long for type character varying(10)","name":"error","routine":"varchar","severity":"ERROR","stack":"error: value too long for type character varying(10)\n    at C:\\Users\\littl\\OneDrive\\Desktop\\mtech\\capstone\\mtech-capstone\\server\\node_modules\\pg-pool\\index.js:45:11\n    at process.processTicksAndRejections (node:internal/process/task_queues:105:5)\n    at async C:\\Users\\littl\\OneDrive\\Desktop\\mtech\\capstone\\mtech-capstone\\server\\server.js:62:20"}
{"code":"23502","column":"course_id","detail":"Failing row contains (2003, null, 2025-07-17 09:10:29.470528-06).","file":"execMain.c","length":253,"level":"error","line":"1988","message":"Database query error null value in column \"course_id\" of relation \"registrations\" violates not-null constraint","name":"error","routine":"ExecConstraints","schema":"public","severity":"ERROR","stack":"error: null value in column \"course_id\" of relation \"registrations\" violates not-null constraint\n    at C:\\Users\\littl\\OneDrive\\Desktop\\mtech\\capstone\\mtech-capstone\\server\\node_modules\\pg-pool\\index.js:45:11\n    at process.processTicksAndRejections (node:internal/process/task_queues:105:5)\n    at async C:\\Users\\littl\\OneDrive\\Desktop\\mtech\\capstone\\mtech-capstone\\server\\server.js:62:20","table":"registrations"}
{"level":"info","message":"User 2003 successfully registered for course CSCI-2009"}
{"level":"info","message":"User 2004 successfully registered for course CSCI-2009"}
